#
# There is insufficient memory for the Java Runtime Environment to continue.
# Native memory allocation (malloc) failed to allocate 1892816 bytes for Chunk::new
# Possible reasons:
#   The system is out of physical RAM or swap space
#   The process is running with CompressedOops enabled, and the Java Heap may be blocking the growth of the native heap
# Possible solutions:
#   Reduce memory load on the system
#   Increase physical memory or swap space
#   Check if swap backing store is full
#   Decrease Java heap size (-Xmx/-Xms)
#   Decrease number of Java threads
#   Decrease Java thread stack sizes (-Xss)
#   Set larger code cache with -XX:ReservedCodeCacheSize=
#   JVM is running with Unscaled Compressed Oops mode in which the Java heap is
#     placed in the first 4GB address space. The Java Heap base address is the
#     maximum limit for the native heap growth. Please use -XX:HeapBaseMinAddress
#     to set the Java Heap base and to place the Java Heap above 4GB virtual address.
# This output file may be truncated or incomplete.
#
#  Out of Memory Error (./src/hotspot/share/memory/arena.cpp:197), pid=22948, tid=11148
#
# JRE version: OpenJDK Runtime Environment (11.0.13) (build 11.0.13+0-b1751.21-8125866)
# Java VM: OpenJDK 64-Bit Server VM (11.0.13+0-b1751.21-8125866, mixed mode, tiered, compressed oops, g1 gc, windows-amd64)
# No core dump will be written. Minidumps are not enabled by default on client versions of Windows
#

---------------  S U M M A R Y ------------

Command Line: --add-opens=java.base/java.util=ALL-UNNAMED --add-opens=java.base/java.lang=ALL-UNNAMED --add-opens=java.base/java.lang.invoke=ALL-UNNAMED --add-opens=java.base/java.util=ALL-UNNAMED --add-opens=java.prefs/java.util.prefs=ALL-UNNAMED --add-opens=java.prefs/java.util.prefs=ALL-UNNAMED --add-opens=java.base/java.nio.charset=ALL-UNNAMED --add-opens=java.base/java.net=ALL-UNNAMED --add-opens=java.base/java.util.concurrent.atomic=ALL-UNNAMED -Xmx2048m -Dfile.encoding=UTF-8 -Duser.country=GB -Duser.language=en -Duser.variant org.gradle.launcher.daemon.bootstrap.GradleDaemon 7.4

Host: Intel(R) Core(TM) i7-10510U CPU @ 1.80GHz, 8 cores, 7G,  Windows 10 , 64 bit Build 19041 (10.0.19041.2546)
Time: Mon Mar 20 03:16:30 2023 GMT Standard Time elapsed time: 36.870674 seconds (0d 0h 0m 36s)

---------------  T H R E A D  ---------------

Current thread (0x0000024c593c5000):  JavaThread "C2 CompilerThread0" daemon [_thread_in_native, id=11148, stack(0x000000e28d400000,0x000000e28d500000)]


Current CompileTask:
C2:  36871 5783   !   4       com.google.common.reflect.TypeVisitor::visit (244 bytes)

Stack: [0x000000e28d400000,0x000000e28d500000]
Native frames: (J=compiled Java code, j=interpreted, Vv=VM code, C=native code)
V  [jvm.dll+0x6100fa]
V  [jvm.dll+0x747090]
V  [jvm.dll+0x7486ad]
V  [jvm.dll+0x748d83]
V  [jvm.dll+0x24ab48]
V  [jvm.dll+0xc04dc]
V  [jvm.dll+0xc0a0c]
V  [jvm.dll+0x35eb5b]
V  [jvm.dll+0x32b833]
V  [jvm.dll+0x32ad2a]
V  [jvm.dll+0x2032b2]
V  [jvm.dll+0x202437]
V  [jvm.dll+0x188e01]
V  [jvm.dll+0x21106b]
V  [jvm.dll+0x20f8c1]
V  [jvm.dll+0x70de0f]
V  [jvm.dll+0x706a75]
V  [jvm.dll+0x60ed66]
C  [ucrtbase.dll+0x21bb2]
C  [KERNEL32.DLL+0x17614]
C  [ntdll.dll+0x526a1]


---------------  P R O C E S S  ---------------

Threads class SMR info:
_java_thread_list=0x0000024c5e9dc310, length=121, elements={
0x0000024c3ef15000, 0x0000024c593a7800, 0x0000024c593b5000, 0x0000024c59d23800,
0x0000024c59d25000, 0x0000024c59d29000, 0x0000024c593c5000, 0x0000024c593c5800,
0x0000024c593c9000, 0x0000024c59e93000, 0x0000024c5b4d5000, 0x0000024c5af05000,
0x0000024c5adcf800, 0x0000024c5afda000, 0x0000024c5b86a000, 0x0000024c5b0d9800,
0x0000024c5a168800, 0x0000024c5abda800, 0x0000024c5a16b000, 0x0000024c5a963000,
0x0000024c5abd0000, 0x0000024c5abd2800, 0x0000024c5abd4000, 0x0000024c5abd5800,
0x0000024c5abd1000, 0x0000024c5abd5000, 0x0000024c5abd6800, 0x0000024c5abd1800,
0x0000024c5abd3800, 0x0000024c5cc48800, 0x0000024c5cc47800, 0x0000024c5cc49000,
0x0000024c5cc44000, 0x0000024c5cc45000, 0x0000024c5cc4a000, 0x0000024c5cc4b000,
0x0000024c5cc4b800, 0x0000024c5cc46000, 0x0000024c5cc4c800, 0x0000024c5cc46800,
0x0000024c5cc52000, 0x0000024c5cc50800, 0x0000024c5cc4e000, 0x0000024c5cc4d000,
0x0000024c5cc4f000, 0x0000024c5cc51800, 0x0000024c5cc4f800, 0x0000024c5c74d000,
0x0000024c5c74c000, 0x0000024c5c74f800, 0x0000024c5c750000, 0x0000024c5c751000,
0x0000024c5c74d800, 0x0000024c5c74e800, 0x0000024c5c74b000, 0x0000024c5c756800,
0x0000024c5c757800, 0x0000024c5c752000, 0x0000024c5c754000, 0x0000024c5c758800,
0x0000024c5c752800, 0x0000024c5c759000, 0x0000024c5c755000, 0x0000024c5c756000,
0x0000024c5c753800, 0x0000024c5c75a000, 0x0000024c5f629000, 0x0000024c5f62e000,
0x0000024c5f62c800, 0x0000024c5f62b800, 0x0000024c5f628800, 0x0000024c5f62d000,
0x0000024c5f62f000, 0x0000024c5f62f800, 0x0000024c5f62a000, 0x0000024c5f630800,
0x0000024c5f62b000, 0x0000024c5f631800, 0x0000024c5f633800, 0x0000024c5f632000,
0x0000024c5f637000, 0x0000024c5f633000, 0x0000024c5f634800, 0x0000024c5f635800,
0x0000024c5f636000, 0x0000024c5f710800, 0x0000024c5f711000, 0x0000024c5f712000,
0x0000024c5f70f000, 0x0000024c5f70e000, 0x0000024c5f70f800, 0x0000024c5f70d000,
0x0000024c5f718800, 0x0000024c5f713000, 0x0000024c5f719800, 0x0000024c5f713800,
0x0000024c5f714800, 0x0000024c5f715800, 0x0000024c5f71b000, 0x0000024c5f717800,
0x0000024c5f71a000, 0x0000024c5f71c000, 0x0000024c5f716000, 0x0000024c5f717000,
0x0000024c5f952000, 0x0000024c5f94d000, 0x0000024c5f94f800, 0x0000024c5f953800,
0x0000024c5f952800, 0x0000024c5f950800, 0x0000024c5f94e000, 0x0000024c5f954800,
0x0000024c5f94e800, 0x0000024c5f955000, 0x0000024c5f956000, 0x0000024c5f957000,
0x0000024c5f951000, 0x0000024c5f958800, 0x0000024c5f957800, 0x0000024c5f959800,
0x0000024c5f95a000
}

Java Threads: ( => current thread )
  0x0000024c3ef15000 JavaThread "main" [_thread_blocked, id=20364, stack(0x000000e28c800000,0x000000e28c900000)]
  0x0000024c593a7800 JavaThread "Reference Handler" daemon [_thread_blocked, id=14440, stack(0x000000e28cf00000,0x000000e28d000000)]
  0x0000024c593b5000 JavaThread "Finalizer" daemon [_thread_blocked, id=25052, stack(0x000000e28d000000,0x000000e28d100000)]
  0x0000024c59d23800 JavaThread "Signal Dispatcher" daemon [_thread_blocked, id=21712, stack(0x000000e28d100000,0x000000e28d200000)]
  0x0000024c59d25000 JavaThread "Attach Listener" daemon [_thread_blocked, id=9704, stack(0x000000e28d200000,0x000000e28d300000)]
  0x0000024c59d29000 JavaThread "Service Thread" daemon [_thread_blocked, id=23628, stack(0x000000e28d300000,0x000000e28d400000)]
=>0x0000024c593c5000 JavaThread "C2 CompilerThread0" daemon [_thread_in_native, id=11148, stack(0x000000e28d400000,0x000000e28d500000)]
  0x0000024c593c5800 JavaThread "C1 CompilerThread0" daemon [_thread_blocked, id=21788, stack(0x000000e28d500000,0x000000e28d600000)]
  0x0000024c593c9000 JavaThread "Sweeper thread" daemon [_thread_blocked, id=14808, stack(0x000000e28d600000,0x000000e28d700000)]
  0x0000024c59e93000 JavaThread "Common-Cleaner" daemon [_thread_blocked, id=26516, stack(0x000000e28d700000,0x000000e28d800000)]
  0x0000024c5b4d5000 JavaThread "Daemon health stats" [_thread_blocked, id=1704, stack(0x000000e28d900000,0x000000e28da00000)]
  0x0000024c5af05000 JavaThread "Incoming local TCP Connector on port 59897" [_thread_in_native, id=26436, stack(0x000000e28dc00000,0x000000e28dd00000)]
  0x0000024c5adcf800 JavaThread "Daemon periodic checks" [_thread_blocked, id=15064, stack(0x000000e28dd00000,0x000000e28de00000)]
  0x0000024c5afda000 JavaThread "Daemon" [_thread_blocked, id=8984, stack(0x000000e28de00000,0x000000e28df00000)]
  0x0000024c5b86a000 JavaThread "Handler for socket connection from /127.0.0.1:59897 to /127.0.0.1:59900" [_thread_in_native, id=3060, stack(0x000000e28df00000,0x000000e28e000000)]
  0x0000024c5b0d9800 JavaThread "Cancel handler" [_thread_blocked, id=23504, stack(0x000000e28e000000,0x000000e28e100000)]
  0x0000024c5a168800 JavaThread "Daemon worker" [_thread_in_Java, id=15444, stack(0x000000e28e100000,0x000000e28e200000)]
  0x0000024c5abda800 JavaThread "Asynchronous log dispatcher for DefaultDaemonConnection: socket connection from /127.0.0.1:59897 to /127.0.0.1:59900" [_thread_blocked, id=29640, stack(0x000000e28e200000,0x000000e28e300000)]
  0x0000024c5a16b000 JavaThread "Stdin handler" [_thread_blocked, id=26952, stack(0x000000e28e300000,0x000000e28e400000)]
  0x0000024c5a963000 JavaThread "Daemon client event forwarder" [_thread_blocked, id=5332, stack(0x000000e28e400000,0x000000e28e500000)]
  0x0000024c5abd0000 JavaThread "Cache worker for journal cache (C:\Users\lucym\.gradle\caches\journal-1)" [_thread_blocked, id=24400, stack(0x000000e28ea00000,0x000000e28eb00000)]
  0x0000024c5abd2800 JavaThread "File lock request listener" [_thread_in_native, id=25068, stack(0x000000e28eb00000,0x000000e28ec00000)]
  0x0000024c5abd4000 JavaThread "Cache worker for file hash cache (C:\Users\lucym\.gradle\caches\7.4\fileHashes)" [_thread_blocked, id=28296, stack(0x000000e28ec00000,0x000000e28ed00000)]
  0x0000024c5abd5800 JavaThread "File watcher server" daemon [_thread_in_native, id=6104, stack(0x000000e28ee00000,0x000000e28ef00000)]
  0x0000024c5abd1000 JavaThread "File watcher consumer" daemon [_thread_blocked, id=11864, stack(0x000000e28ef00000,0x000000e28f000000)]
  0x0000024c5abd5000 JavaThread "Cache worker for checksums cache (C:\Users\lucym\AndroidStudioProjects\InControl\.gradle\7.4\checksums)" [_thread_blocked, id=22768, stack(0x000000e28f000000,0x000000e28f100000)]
  0x0000024c5abd6800 JavaThread "Cache worker for cache directory md-rule (C:\Users\lucym\.gradle\caches\7.4\md-rule)" [_thread_blocked, id=26148, stack(0x000000e28f100000,0x000000e28f200000)]
  0x0000024c5abd1800 JavaThread "Cache worker for file hash cache (C:\Users\lucym\AndroidStudioProjects\InControl\.gradle\7.4\fileHashes)" [_thread_blocked, id=17420, stack(0x000000e28f200000,0x000000e28f300000)]
  0x0000024c5abd3800 JavaThread "Cache worker for cache directory md-supplier (C:\Users\lucym\.gradle\caches\7.4\md-supplier)" [_thread_blocked, id=1476, stack(0x000000e28f300000,0x000000e28f400000)]
  0x0000024c5cc48800 JavaThread "Cache worker for execution history cache (C:\Users\lucym\.gradle\caches\7.4\executionHistory)" [_thread_blocked, id=23064, stack(0x000000e28f400000,0x000000e28f500000)]
  0x0000024c5cc47800 JavaThread "jar transforms" [_thread_blocked, id=12028, stack(0x000000e28f500000,0x000000e28f600000)]
  0x0000024c5cc49000 JavaThread "Cache worker for file content cache (C:\Users\lucym\.gradle\caches\7.4\fileContent)" [_thread_blocked, id=22392, stack(0x000000e28f600000,0x000000e28f700000)]
  0x0000024c5cc44000 JavaThread "jar transforms Thread 2" [_thread_blocked, id=22884, stack(0x000000e28f700000,0x000000e28f800000)]
  0x0000024c5cc45000 JavaThread "Cache worker for dependencies-accessors (C:\Users\lucym\AndroidStudioProjects\InControl\.gradle\7.4\dependencies-accessors)" [_thread_blocked, id=27524, stack(0x000000e28f800000,0x000000e28f900000)]
  0x0000024c5cc4a000 JavaThread "jar transforms Thread 3" [_thread_blocked, id=23032, stack(0x000000e28f900000,0x000000e28fa00000)]
  0x0000024c5cc4b000 JavaThread "Cache worker for Build Output Cleanup Cache (C:\Users\lucym\AndroidStudioProjects\InControl\.gradle\buildOutputCleanup)" [_thread_blocked, id=12332, stack(0x000000e28fa00000,0x000000e28fb00000)]
  0x0000024c5cc4b800 JavaThread "Unconstrained build operations" [_thread_blocked, id=21284, stack(0x000000e28fb00000,0x000000e28fc00000)]
  0x0000024c5cc46000 JavaThread "Unconstrained build operations Thread 2" [_thread_blocked, id=3332, stack(0x000000e28fc00000,0x000000e28fd00000)]
  0x0000024c5cc4c800 JavaThread "Unconstrained build operations Thread 3" [_thread_blocked, id=17848, stack(0x000000e28fd00000,0x000000e28fe00000)]
  0x0000024c5cc46800 JavaThread "Unconstrained build operations Thread 4" [_thread_blocked, id=28228, stack(0x000000e28fe00000,0x000000e28ff00000)]
  0x0000024c5cc52000 JavaThread "Unconstrained build operations Thread 5" [_thread_blocked, id=1284, stack(0x000000e28ff00000,0x000000e290000000)]
  0x0000024c5cc50800 JavaThread "Unconstrained build operations Thread 6" [_thread_blocked, id=25996, stack(0x000000e290000000,0x000000e290100000)]
  0x0000024c5cc4e000 JavaThread "Unconstrained build operations Thread 7" [_thread_blocked, id=20648, stack(0x000000e290100000,0x000000e290200000)]
  0x0000024c5cc4d000 JavaThread "Unconstrained build operations Thread 8" [_thread_blocked, id=19984, stack(0x000000e290200000,0x000000e290300000)]
  0x0000024c5cc4f000 JavaThread "Unconstrained build operations Thread 9" [_thread_blocked, id=15344, stack(0x000000e290300000,0x000000e290400000)]
  0x0000024c5cc51800 JavaThread "Unconstrained build operations Thread 10" [_thread_blocked, id=26800, stack(0x000000e290400000,0x000000e290500000)]
  0x0000024c5cc4f800 JavaThread "Unconstrained build operations Thread 11" [_thread_blocked, id=16604, stack(0x000000e290500000,0x000000e290600000)]
  0x0000024c5c74d000 JavaThread "Unconstrained build operations Thread 12" [_thread_blocked, id=26896, stack(0x000000e290600000,0x000000e290700000)]
  0x0000024c5c74c000 JavaThread "Unconstrained build operations Thread 13" [_thread_blocked, id=2668, stack(0x000000e290700000,0x000000e290800000)]
  0x0000024c5c74f800 JavaThread "Unconstrained build operations Thread 14" [_thread_blocked, id=14956, stack(0x000000e290800000,0x000000e290900000)]
  0x0000024c5c750000 JavaThread "Unconstrained build operations Thread 15" [_thread_blocked, id=23800, stack(0x000000e290900000,0x000000e290a00000)]
  0x0000024c5c751000 JavaThread "Unconstrained build operations Thread 16" [_thread_blocked, id=14412, stack(0x000000e290a00000,0x000000e290b00000)]
  0x0000024c5c74d800 JavaThread "Unconstrained build operations Thread 17" [_thread_blocked, id=16796, stack(0x000000e290b00000,0x000000e290c00000)]
  0x0000024c5c74e800 JavaThread "Unconstrained build operations Thread 18" [_thread_blocked, id=24860, stack(0x000000e290c00000,0x000000e290d00000)]
  0x0000024c5c74b000 JavaThread "Unconstrained build operations Thread 19" [_thread_blocked, id=20688, stack(0x000000e290d00000,0x000000e290e00000)]
  0x0000024c5c756800 JavaThread "Unconstrained build operations Thread 20" [_thread_blocked, id=22644, stack(0x000000e290e00000,0x000000e290f00000)]
  0x0000024c5c757800 JavaThread "Unconstrained build operations Thread 21" [_thread_blocked, id=8352, stack(0x000000e290f00000,0x000000e291000000)]
  0x0000024c5c752000 JavaThread "Unconstrained build operations Thread 22" [_thread_blocked, id=15460, stack(0x000000e291000000,0x000000e291100000)]
  0x0000024c5c754000 JavaThread "Unconstrained build operations Thread 23" [_thread_blocked, id=11072, stack(0x000000e291100000,0x000000e291200000)]
  0x0000024c5c758800 JavaThread "Unconstrained build operations Thread 24" [_thread_blocked, id=10980, stack(0x000000e291200000,0x000000e291300000)]
  0x0000024c5c752800 JavaThread "Unconstrained build operations Thread 25" [_thread_blocked, id=24200, stack(0x000000e291300000,0x000000e291400000)]
  0x0000024c5c759000 JavaThread "Unconstrained build operations Thread 26" [_thread_blocked, id=9800, stack(0x000000e291400000,0x000000e291500000)]
  0x0000024c5c755000 JavaThread "Unconstrained build operations Thread 27" [_thread_blocked, id=6968, stack(0x000000e291500000,0x000000e291600000)]
  0x0000024c5c756000 JavaThread "Unconstrained build operations Thread 28" [_thread_blocked, id=25800, stack(0x000000e291600000,0x000000e291700000)]
  0x0000024c5c753800 JavaThread "Unconstrained build operations Thread 29" [_thread_blocked, id=28316, stack(0x000000e291700000,0x000000e291800000)]
  0x0000024c5c75a000 JavaThread "Unconstrained build operations Thread 30" [_thread_blocked, id=27852, stack(0x000000e291800000,0x000000e291900000)]
  0x0000024c5f629000 JavaThread "Unconstrained build operations Thread 31" [_thread_blocked, id=12740, stack(0x000000e291900000,0x000000e291a00000)]
  0x0000024c5f62e000 JavaThread "Unconstrained build operations Thread 32" [_thread_blocked, id=18064, stack(0x000000e291a00000,0x000000e291b00000)]
  0x0000024c5f62c800 JavaThread "Unconstrained build operations Thread 33" [_thread_blocked, id=26396, stack(0x000000e291b00000,0x000000e291c00000)]
  0x0000024c5f62b800 JavaThread "Unconstrained build operations Thread 34" [_thread_blocked, id=2116, stack(0x000000e291c00000,0x000000e291d00000)]
  0x0000024c5f628800 JavaThread "Unconstrained build operations Thread 35" [_thread_blocked, id=23344, stack(0x000000e291d00000,0x000000e291e00000)]
  0x0000024c5f62d000 JavaThread "Unconstrained build operations Thread 36" [_thread_blocked, id=7652, stack(0x000000e291e00000,0x000000e291f00000)]
  0x0000024c5f62f000 JavaThread "Unconstrained build operations Thread 37" [_thread_blocked, id=27572, stack(0x000000e291f00000,0x000000e292000000)]
  0x0000024c5f62f800 JavaThread "Unconstrained build operations Thread 38" [_thread_blocked, id=17284, stack(0x000000e292000000,0x000000e292100000)]
  0x0000024c5f62a000 JavaThread "Unconstrained build operations Thread 39" [_thread_blocked, id=24988, stack(0x000000e292100000,0x000000e292200000)]
  0x0000024c5f630800 JavaThread "Unconstrained build operations Thread 40" [_thread_blocked, id=28128, stack(0x000000e292200000,0x000000e292300000)]
  0x0000024c5f62b000 JavaThread "Unconstrained build operations Thread 41" [_thread_blocked, id=11624, stack(0x000000e292300000,0x000000e292400000)]
  0x0000024c5f631800 JavaThread "Unconstrained build operations Thread 42" [_thread_blocked, id=20044, stack(0x000000e292400000,0x000000e292500000)]
  0x0000024c5f633800 JavaThread "Unconstrained build operations Thread 43" [_thread_blocked, id=11088, stack(0x000000e292500000,0x000000e292600000)]
  0x0000024c5f632000 JavaThread "Unconstrained build operations Thread 44" [_thread_blocked, id=13304, stack(0x000000e292600000,0x000000e292700000)]
  0x0000024c5f637000 JavaThread "Unconstrained build operations Thread 45" [_thread_blocked, id=12072, stack(0x000000e292700000,0x000000e292800000)]
  0x0000024c5f633000 JavaThread "Unconstrained build operations Thread 46" [_thread_blocked, id=19572, stack(0x000000e292800000,0x000000e292900000)]
  0x0000024c5f634800 JavaThread "Unconstrained build operations Thread 47" [_thread_blocked, id=29304, stack(0x000000e292900000,0x000000e292a00000)]
  0x0000024c5f635800 JavaThread "Unconstrained build operations Thread 48" [_thread_blocked, id=27688, stack(0x000000e292a00000,0x000000e292b00000)]
  0x0000024c5f636000 JavaThread "Unconstrained build operations Thread 49" [_thread_blocked, id=24088, stack(0x000000e292b00000,0x000000e292c00000)]
  0x0000024c5f710800 JavaThread "Unconstrained build operations Thread 50" [_thread_blocked, id=17252, stack(0x000000e292c00000,0x000000e292d00000)]
  0x0000024c5f711000 JavaThread "Unconstrained build operations Thread 51" [_thread_blocked, id=1560, stack(0x000000e292d00000,0x000000e292e00000)]
  0x0000024c5f712000 JavaThread "Unconstrained build operations Thread 52" [_thread_blocked, id=29684, stack(0x000000e292e00000,0x000000e292f00000)]
  0x0000024c5f70f000 JavaThread "Unconstrained build operations Thread 53" [_thread_blocked, id=7356, stack(0x000000e292f00000,0x000000e293000000)]
  0x0000024c5f70e000 JavaThread "Unconstrained build operations Thread 54" [_thread_blocked, id=12284, stack(0x000000e293000000,0x000000e293100000)]
  0x0000024c5f70f800 JavaThread "Unconstrained build operations Thread 55" [_thread_blocked, id=28096, stack(0x000000e293100000,0x000000e293200000)]
  0x0000024c5f70d000 JavaThread "Unconstrained build operations Thread 56" [_thread_blocked, id=15912, stack(0x000000e293200000,0x000000e293300000)]
  0x0000024c5f718800 JavaThread "Unconstrained build operations Thread 57" [_thread_blocked, id=22556, stack(0x000000e293300000,0x000000e293400000)]
  0x0000024c5f713000 JavaThread "Unconstrained build operations Thread 58" [_thread_blocked, id=21144, stack(0x000000e293400000,0x000000e293500000)]
  0x0000024c5f719800 JavaThread "Unconstrained build operations Thread 59" [_thread_blocked, id=16020, stack(0x000000e293500000,0x000000e293600000)]
  0x0000024c5f713800 JavaThread "Unconstrained build operations Thread 60" [_thread_blocked, id=23152, stack(0x000000e293600000,0x000000e293700000)]
  0x0000024c5f714800 JavaThread "Unconstrained build operations Thread 61" [_thread_blocked, id=16572, stack(0x000000e293700000,0x000000e293800000)]
  0x0000024c5f715800 JavaThread "Unconstrained build operations Thread 62" [_thread_blocked, id=13340, stack(0x000000e293800000,0x000000e293900000)]
  0x0000024c5f71b000 JavaThread "Unconstrained build operations Thread 63" [_thread_blocked, id=22848, stack(0x000000e293900000,0x000000e293a00000)]
  0x0000024c5f717800 JavaThread "Unconstrained build operations Thread 64" [_thread_blocked, id=21388, stack(0x000000e293a00000,0x000000e293b00000)]
  0x0000024c5f71a000 JavaThread "Unconstrained build operations Thread 65" [_thread_blocked, id=26416, stack(0x000000e293b00000,0x000000e293c00000)]
  0x0000024c5f71c000 JavaThread "Unconstrained build operations Thread 66" [_thread_blocked, id=26136, stack(0x000000e293c00000,0x000000e293d00000)]
  0x0000024c5f716000 JavaThread "Unconstrained build operations Thread 67" [_thread_blocked, id=28964, stack(0x000000e293d00000,0x000000e293e00000)]
  0x0000024c5f717000 JavaThread "Unconstrained build operations Thread 68" [_thread_blocked, id=12724, stack(0x000000e293e00000,0x000000e293f00000)]
  0x0000024c5f952000 JavaThread "Unconstrained build operations Thread 69" [_thread_blocked, id=27072, stack(0x000000e293f00000,0x000000e294000000)]
  0x0000024c5f94d000 JavaThread "Unconstrained build operations Thread 70" [_thread_blocked, id=14424, stack(0x000000e294000000,0x000000e294100000)]
  0x0000024c5f94f800 JavaThread "Unconstrained build operations Thread 71" [_thread_blocked, id=13808, stack(0x000000e294100000,0x000000e294200000)]
  0x0000024c5f953800 JavaThread "Unconstrained build operations Thread 72" [_thread_blocked, id=24380, stack(0x000000e294200000,0x000000e294300000)]
  0x0000024c5f952800 JavaThread "Unconstrained build operations Thread 73" [_thread_blocked, id=29264, stack(0x000000e294300000,0x000000e294400000)]
  0x0000024c5f950800 JavaThread "Unconstrained build operations Thread 74" [_thread_blocked, id=17724, stack(0x000000e294400000,0x000000e294500000)]
  0x0000024c5f94e000 JavaThread "Unconstrained build operations Thread 75" [_thread_blocked, id=1132, stack(0x000000e294500000,0x000000e294600000)]
  0x0000024c5f954800 JavaThread "Unconstrained build operations Thread 76" [_thread_blocked, id=27060, stack(0x000000e294600000,0x000000e294700000)]
  0x0000024c5f94e800 JavaThread "Unconstrained build operations Thread 77" [_thread_blocked, id=13728, stack(0x000000e294700000,0x000000e294800000)]
  0x0000024c5f955000 JavaThread "Unconstrained build operations Thread 78" [_thread_blocked, id=21508, stack(0x000000e294800000,0x000000e294900000)]
  0x0000024c5f956000 JavaThread "Unconstrained build operations Thread 79" [_thread_blocked, id=12480, stack(0x000000e294900000,0x000000e294a00000)]
  0x0000024c5f957000 JavaThread "Unconstrained build operations Thread 80" [_thread_blocked, id=9352, stack(0x000000e294a00000,0x000000e294b00000)]
  0x0000024c5f951000 JavaThread "jar transforms Thread 4" [_thread_blocked, id=9584, stack(0x000000e294b00000,0x000000e294c00000)]
  0x0000024c5f958800 JavaThread "jar transforms Thread 5" [_thread_blocked, id=2424, stack(0x000000e294c00000,0x000000e294d00000)]
  0x0000024c5f957800 JavaThread "jar transforms Thread 6" [_thread_blocked, id=5844, stack(0x000000e294d00000,0x000000e294e00000)]
  0x0000024c5f959800 JavaThread "jar transforms Thread 7" [_thread_blocked, id=7268, stack(0x000000e294e00000,0x000000e294f00000)]
  0x0000024c5f95a000 JavaThread "jar transforms Thread 8" [_thread_blocked, id=4740, stack(0x000000e294f00000,0x000000e295000000)]

Other Threads:
  0x0000024c593a5800 VMThread "VM Thread" [stack: 0x000000e28ce00000,0x000000e28cf00000] [id=15972]
  0x0000024c59eaa000 WatcherThread [stack: 0x000000e28d800000,0x000000e28d900000] [id=23672]
  0x0000024c3ef2d800 GCTaskThread "GC Thread#0" [stack: 0x000000e28c900000,0x000000e28ca00000] [id=10688]
  0x0000024c5acc8000 GCTaskThread "GC Thread#1" [stack: 0x000000e28da00000,0x000000e28db00000] [id=23188]
  0x0000024c5a9b8800 GCTaskThread "GC Thread#2" [stack: 0x000000e28db00000,0x000000e28dc00000] [id=10020]
  0x0000024c5beac800 GCTaskThread "GC Thread#3" [stack: 0x000000e28e500000,0x000000e28e600000] [id=25660]
  0x0000024c5aae5800 GCTaskThread "GC Thread#4" [stack: 0x000000e28e600000,0x000000e28e700000] [id=20192]
  0x0000024c5aae6800 GCTaskThread "GC Thread#5" [stack: 0x000000e28e700000,0x000000e28e800000] [id=21832]
  0x0000024c5a4d5800 GCTaskThread "GC Thread#6" [stack: 0x000000e28e800000,0x000000e28e900000] [id=23272]
  0x0000024c5a4d6000 GCTaskThread "GC Thread#7" [stack: 0x000000e28e900000,0x000000e28ea00000] [id=11752]
  0x0000024c3ef61800 ConcurrentGCThread "G1 Main Marker" [stack: 0x000000e28ca00000,0x000000e28cb00000] [id=16896]
  0x0000024c3ef62800 ConcurrentGCThread "G1 Conc#0" [stack: 0x000000e28cb00000,0x000000e28cc00000] [id=27888]
  0x0000024c5afcb800 ConcurrentGCThread "G1 Conc#1" [stack: 0x000000e28ed00000,0x000000e28ee00000] [id=14288]
  0x0000024c3efee800 ConcurrentGCThread "G1 Refine#0" [stack: 0x000000e28cc00000,0x000000e28cd00000] [id=29216]
  0x0000024c591f4800 ConcurrentGCThread "G1 Young RemSet Sampling" [stack: 0x000000e28cd00000,0x000000e28ce00000] [id=3904]

Threads with active compile tasks:
C2 CompilerThread0  36911 5783   !   4       com.google.common.reflect.TypeVisitor::visit (244 bytes)
C1 CompilerThread0  36911 5851       3       java.lang.invoke.LambdaFormBuffer::endEdit (308 bytes)

VM state:not at safepoint (normal execution)

VM Mutex/Monitor currently owned by a thread: None

Heap address: 0x0000000080000000, size: 2048 MB, Compressed Oops mode: 32-bit
Narrow klass base: 0x0000000000000000, Narrow klass shift: 3
Compressed class space size: 1073741824 Address: 0x0000000100000000

Heap:
 garbage-first heap   total 129024K, used 49386K [0x0000000080000000, 0x0000000100000000)
  region size 1024K, 11 young (11264K), 4 survivors (4096K)
 Metaspace       used 58464K, capacity 59959K, committed 60112K, reserved 1101824K
  class space    used 7353K, capacity 7960K, committed 7968K, reserved 1048576K
Heap Regions: E=young(eden), S=young(survivor), O=old, HS=humongous(starts), HC=humongous(continues), CS=collection set, F=free, A=archive, TAMS=top-at-mark-start (previous, next)
|   0|0x0000000080000000, 0x0000000080100000, 0x0000000080100000|100%| O|  |TAMS 0x0000000080100000, 0x0000000080000000| Untracked 
|   1|0x0000000080100000, 0x0000000080200000, 0x0000000080200000|100%| O|  |TAMS 0x0000000080200000, 0x0000000080100000| Untracked 
|   2|0x0000000080200000, 0x0000000080300000, 0x0000000080300000|100%| O|  |TAMS 0x0000000080300000, 0x0000000080200000| Untracked 
|   3|0x0000000080300000, 0x0000000080400000, 0x0000000080400000|100%|HS|  |TAMS 0x0000000080400000, 0x0000000080300000| Complete 
|   4|0x0000000080400000, 0x0000000080500000, 0x0000000080500000|100%|HC|  |TAMS 0x0000000080500000, 0x0000000080400000| Complete 
|   5|0x0000000080500000, 0x0000000080600000, 0x0000000080600000|100%|HC|  |TAMS 0x0000000080600000, 0x0000000080500000| Complete 
|   6|0x0000000080600000, 0x0000000080700000, 0x0000000080700000|100%| O|  |TAMS 0x0000000080700000, 0x0000000080600000| Untracked 
|   7|0x0000000080700000, 0x0000000080800000, 0x0000000080800000|100%| O|  |TAMS 0x0000000080800000, 0x0000000080700000| Untracked 
|   8|0x0000000080800000, 0x0000000080900000, 0x0000000080900000|100%| O|  |TAMS 0x0000000080900000, 0x0000000080800000| Untracked 
|   9|0x0000000080900000, 0x0000000080a00000, 0x0000000080a00000|100%| O|  |TAMS 0x0000000080a00000, 0x0000000080900000| Untracked 
|  10|0x0000000080a00000, 0x0000000080b00000, 0x0000000080b00000|100%| O|  |TAMS 0x0000000080b00000, 0x0000000080a00000| Untracked 
|  11|0x0000000080b00000, 0x0000000080c00000, 0x0000000080c00000|100%| O|  |TAMS 0x0000000080c00000, 0x0000000080b00000| Untracked 
|  12|0x0000000080c00000, 0x0000000080d00000, 0x0000000080d00000|100%| O|  |TAMS 0x0000000080d00000, 0x0000000080c00000| Untracked 
|  13|0x0000000080d00000, 0x0000000080e00000, 0x0000000080e00000|100%| O|  |TAMS 0x0000000080e00000, 0x0000000080d00000| Untracked 
|  14|0x0000000080e00000, 0x0000000080f00000, 0x0000000080f00000|100%| O|  |TAMS 0x0000000080f00000, 0x0000000080e00000| Untracked 
|  15|0x0000000080f00000, 0x0000000081000000, 0x0000000081000000|100%| O|  |TAMS 0x0000000080f35400, 0x0000000080f00000| Untracked 
|  16|0x0000000081000000, 0x0000000081100000, 0x0000000081100000|100%|HS|  |TAMS 0x0000000081000000, 0x0000000081000000| Complete 
|  17|0x0000000081100000, 0x0000000081200000, 0x0000000081200000|100%| O|  |TAMS 0x0000000081100000, 0x0000000081100000| Untracked 
|  18|0x0000000081200000, 0x0000000081300000, 0x0000000081300000|100%| O|  |TAMS 0x0000000081200000, 0x0000000081200000| Untracked 
|  19|0x0000000081300000, 0x0000000081400000, 0x0000000081400000|100%| O|  |TAMS 0x0000000081300000, 0x0000000081300000| Untracked 
|  20|0x0000000081400000, 0x0000000081500000, 0x0000000081500000|100%| O|  |TAMS 0x0000000081400000, 0x0000000081400000| Untracked 
|  21|0x0000000081500000, 0x0000000081600000, 0x0000000081600000|100%| O|  |TAMS 0x0000000081500000, 0x0000000081500000| Untracked 
|  22|0x0000000081600000, 0x0000000081700000, 0x0000000081700000|100%| O|  |TAMS 0x0000000081600000, 0x0000000081600000| Untracked 
|  23|0x0000000081700000, 0x0000000081800000, 0x0000000081800000|100%| O|  |TAMS 0x0000000081700000, 0x0000000081700000| Untracked 
|  24|0x0000000081800000, 0x0000000081900000, 0x0000000081900000|100%| O|  |TAMS 0x0000000081800000, 0x0000000081800000| Untracked 
|  25|0x0000000081900000, 0x0000000081a00000, 0x0000000081a00000|100%| O|  |TAMS 0x0000000081900000, 0x0000000081900000| Untracked 
|  26|0x0000000081a00000, 0x0000000081b00000, 0x0000000081b00000|100%| O|  |TAMS 0x0000000081a00000, 0x0000000081a00000| Untracked 
|  27|0x0000000081b00000, 0x0000000081c00000, 0x0000000081c00000|100%| O|  |TAMS 0x0000000081b00000, 0x0000000081b00000| Untracked 
|  28|0x0000000081c00000, 0x0000000081d00000, 0x0000000081d00000|100%|HS|  |TAMS 0x0000000081c00000, 0x0000000081c00000| Complete 
|  29|0x0000000081d00000, 0x0000000081e00000, 0x0000000081e00000|100%|HS|  |TAMS 0x0000000081d00000, 0x0000000081d00000| Complete 
|  30|0x0000000081e00000, 0x0000000081f00000, 0x0000000081f00000|100%|HC|  |TAMS 0x0000000081e00000, 0x0000000081e00000| Complete 
|  31|0x0000000081f00000, 0x0000000082000000, 0x0000000082000000|100%| O|  |TAMS 0x0000000081f00000, 0x0000000081f00000| Untracked 
|  32|0x0000000082000000, 0x0000000082100000, 0x0000000082100000|100%| O|  |TAMS 0x0000000082000000, 0x0000000082000000| Untracked 
|  33|0x0000000082100000, 0x0000000082200000, 0x0000000082200000|100%| O|  |TAMS 0x0000000082100000, 0x0000000082100000| Untracked 
|  34|0x0000000082200000, 0x0000000082300000, 0x0000000082300000|100%| O|  |TAMS 0x0000000082200000, 0x0000000082200000| Untracked 
|  35|0x0000000082300000, 0x0000000082400000, 0x0000000082400000|100%| O|  |TAMS 0x0000000082300000, 0x0000000082300000| Untracked 
|  36|0x0000000082400000, 0x0000000082500000, 0x0000000082500000|100%| O|  |TAMS 0x0000000082400000, 0x0000000082400000| Untracked 
|  37|0x0000000082500000, 0x0000000082600000, 0x0000000082600000|100%| O|  |TAMS 0x0000000082500000, 0x0000000082500000| Untracked 
|  38|0x0000000082600000, 0x00000000826ff800, 0x0000000082700000| 99%| O|  |TAMS 0x0000000082600000, 0x0000000082600000| Untracked 
|  39|0x0000000082700000, 0x0000000082700000, 0x0000000082800000|  0%| F|  |TAMS 0x0000000082700000, 0x0000000082700000| Untracked 
|  40|0x0000000082800000, 0x0000000082800000, 0x0000000082900000|  0%| F|  |TAMS 0x0000000082800000, 0x0000000082800000| Untracked 
|  41|0x0000000082900000, 0x0000000082900000, 0x0000000082a00000|  0%| F|  |TAMS 0x0000000082900000, 0x0000000082900000| Untracked 
|  42|0x0000000082a00000, 0x0000000082a00000, 0x0000000082b00000|  0%| F|  |TAMS 0x0000000082a00000, 0x0000000082a00000| Untracked 
|  43|0x0000000082b00000, 0x0000000082b00000, 0x0000000082c00000|  0%| F|  |TAMS 0x0000000082b00000, 0x0000000082b00000| Untracked 
|  44|0x0000000082c00000, 0x0000000082c00000, 0x0000000082d00000|  0%| F|  |TAMS 0x0000000082c00000, 0x0000000082c00000| Untracked 
|  45|0x0000000082d00000, 0x0000000082d00000, 0x0000000082e00000|  0%| F|  |TAMS 0x0000000082d00000, 0x0000000082d00000| Untracked 
|  46|0x0000000082e00000, 0x0000000082e00000, 0x0000000082f00000|  0%| F|  |TAMS 0x0000000082e00000, 0x0000000082e00000| Untracked 
|  47|0x0000000082f00000, 0x0000000082f00000, 0x0000000083000000|  0%| F|  |TAMS 0x0000000082f00000, 0x0000000082f00000| Untracked 
|  48|0x0000000083000000, 0x0000000083000000, 0x0000000083100000|  0%| F|  |TAMS 0x0000000083000000, 0x0000000083000000| Untracked 
|  49|0x0000000083100000, 0x0000000083100000, 0x0000000083200000|  0%| F|  |TAMS 0x0000000083100000, 0x0000000083100000| Untracked 
|  50|0x0000000083200000, 0x0000000083200000, 0x0000000083300000|  0%| F|  |TAMS 0x0000000083200000, 0x0000000083200000| Untracked 
|  51|0x0000000083300000, 0x0000000083300000, 0x0000000083400000|  0%| F|  |TAMS 0x0000000083300000, 0x0000000083300000| Untracked 
|  52|0x0000000083400000, 0x0000000083400000, 0x0000000083500000|  0%| F|  |TAMS 0x0000000083400000, 0x0000000083400000| Untracked 
|  53|0x0000000083500000, 0x0000000083500000, 0x0000000083600000|  0%| F|  |TAMS 0x0000000083500000, 0x0000000083500000| Untracked 
|  54|0x0000000083600000, 0x0000000083600000, 0x0000000083700000|  0%| F|  |TAMS 0x0000000083600000, 0x0000000083600000| Untracked 
|  55|0x0000000083700000, 0x0000000083700000, 0x0000000083800000|  0%| F|  |TAMS 0x0000000083700000, 0x0000000083700000| Untracked 
|  56|0x0000000083800000, 0x0000000083800000, 0x0000000083900000|  0%| F|  |TAMS 0x0000000083800000, 0x0000000083800000| Untracked 
|  57|0x0000000083900000, 0x0000000083900000, 0x0000000083a00000|  0%| F|  |TAMS 0x0000000083900000, 0x0000000083900000| Untracked 
|  58|0x0000000083a00000, 0x0000000083a00000, 0x0000000083b00000|  0%| F|  |TAMS 0x0000000083a00000, 0x0000000083a00000| Untracked 
|  59|0x0000000083b00000, 0x0000000083b00000, 0x0000000083c00000|  0%| F|  |TAMS 0x0000000083b00000, 0x0000000083b00000| Untracked 
|  60|0x0000000083c00000, 0x0000000083c00000, 0x0000000083d00000|  0%| F|  |TAMS 0x0000000083c00000, 0x0000000083c00000| Untracked 
|  61|0x0000000083d00000, 0x0000000083d00000, 0x0000000083e00000|  0%| F|  |TAMS 0x0000000083d00000, 0x0000000083d00000| Untracked 
|  62|0x0000000083e00000, 0x0000000083e00000, 0x0000000083f00000|  0%| F|  |TAMS 0x0000000083e00000, 0x0000000083e00000| Untracked 
|  63|0x0000000083f00000, 0x0000000083f3b280, 0x0000000084000000| 23%| S|CS|TAMS 0x0000000083f00000, 0x0000000083f00000| Complete 
|  64|0x0000000084000000, 0x0000000084100000, 0x0000000084100000|100%| S|CS|TAMS 0x0000000084000000, 0x0000000084000000| Complete 
|  65|0x0000000084100000, 0x0000000084200000, 0x0000000084200000|100%| S|CS|TAMS 0x0000000084100000, 0x0000000084100000| Complete 
|  66|0x0000000084200000, 0x0000000084300000, 0x0000000084300000|100%| S|CS|TAMS 0x0000000084200000, 0x0000000084200000| Complete 
|  67|0x0000000084300000, 0x0000000084300000, 0x0000000084400000|  0%| F|  |TAMS 0x0000000084300000, 0x0000000084300000| Untracked 
|  68|0x0000000084400000, 0x0000000084400000, 0x0000000084500000|  0%| F|  |TAMS 0x0000000084400000, 0x0000000084400000| Untracked 
|  69|0x0000000084500000, 0x0000000084500000, 0x0000000084600000|  0%| F|  |TAMS 0x0000000084500000, 0x0000000084500000| Untracked 
|  70|0x0000000084600000, 0x0000000084600000, 0x0000000084700000|  0%| F|  |TAMS 0x0000000084600000, 0x0000000084600000| Untracked 
|  71|0x0000000084700000, 0x0000000084700000, 0x0000000084800000|  0%| F|  |TAMS 0x0000000084700000, 0x0000000084700000| Untracked 
|  72|0x0000000084800000, 0x0000000084800000, 0x0000000084900000|  0%| F|  |TAMS 0x0000000084800000, 0x0000000084800000| Untracked 
|  73|0x0000000084900000, 0x0000000084900000, 0x0000000084a00000|  0%| F|  |TAMS 0x0000000084900000, 0x0000000084900000| Untracked 
|  74|0x0000000084a00000, 0x0000000084a00000, 0x0000000084b00000|  0%| F|  |TAMS 0x0000000084a00000, 0x0000000084a00000| Untracked 
|  75|0x0000000084b00000, 0x0000000084b00000, 0x0000000084c00000|  0%| F|  |TAMS 0x0000000084b00000, 0x0000000084b00000| Untracked 
|  76|0x0000000084c00000, 0x0000000084c00000, 0x0000000084d00000|  0%| F|  |TAMS 0x0000000084c00000, 0x0000000084c00000| Untracked 
|  77|0x0000000084d00000, 0x0000000084d00000, 0x0000000084e00000|  0%| F|  |TAMS 0x0000000084d00000, 0x0000000084d00000| Untracked 
|  78|0x0000000084e00000, 0x0000000084e00000, 0x0000000084f00000|  0%| F|  |TAMS 0x0000000084e00000, 0x0000000084e00000| Untracked 
|  79|0x0000000084f00000, 0x0000000084f00000, 0x0000000085000000|  0%| F|  |TAMS 0x0000000084f00000, 0x0000000084f00000| Untracked 
|  80|0x0000000085000000, 0x0000000085000000, 0x0000000085100000|  0%| F|  |TAMS 0x0000000085000000, 0x0000000085000000| Untracked 
|  81|0x0000000085100000, 0x0000000085100000, 0x0000000085200000|  0%| F|  |TAMS 0x0000000085100000, 0x0000000085100000| Untracked 
|  82|0x0000000085200000, 0x0000000085200000, 0x0000000085300000|  0%| F|  |TAMS 0x0000000085200000, 0x0000000085200000| Untracked 
|  83|0x0000000085300000, 0x0000000085300000, 0x0000000085400000|  0%| F|  |TAMS 0x0000000085300000, 0x0000000085300000| Untracked 
|  84|0x0000000085400000, 0x0000000085400000, 0x0000000085500000|  0%| F|  |TAMS 0x0000000085400000, 0x0000000085400000| Untracked 
|  85|0x0000000085500000, 0x0000000085500000, 0x0000000085600000|  0%| F|  |TAMS 0x0000000085500000, 0x0000000085500000| Untracked 
|  86|0x0000000085600000, 0x0000000085600000, 0x0000000085700000|  0%| F|  |TAMS 0x0000000085600000, 0x0000000085600000| Untracked 
|  87|0x0000000085700000, 0x0000000085700000, 0x0000000085800000|  0%| F|  |TAMS 0x0000000085700000, 0x0000000085700000| Untracked 
|  88|0x0000000085800000, 0x0000000085800000, 0x0000000085900000|  0%| F|  |TAMS 0x0000000085800000, 0x0000000085800000| Untracked 
|  89|0x0000000085900000, 0x0000000085900000, 0x0000000085a00000|  0%| F|  |TAMS 0x0000000085900000, 0x0000000085900000| Untracked 
|  90|0x0000000085a00000, 0x0000000085a00000, 0x0000000085b00000|  0%| F|  |TAMS 0x0000000085a00000, 0x0000000085a00000| Untracked 
|  91|0x0000000085b00000, 0x0000000085b00000, 0x0000000085c00000|  0%| F|  |TAMS 0x0000000085b00000, 0x0000000085b00000| Untracked 
|  92|0x0000000085c00000, 0x0000000085c00000, 0x0000000085d00000|  0%| F|  |TAMS 0x0000000085c00000, 0x0000000085c00000| Untracked 
|  93|0x0000000085d00000, 0x0000000085d00000, 0x0000000085e00000|  0%| F|  |TAMS 0x0000000085d00000, 0x0000000085d00000| Untracked 
|  94|0x0000000085e00000, 0x0000000085e00000, 0x0000000085f00000|  0%| F|  |TAMS 0x0000000085e00000, 0x0000000085e00000| Untracked 
|  95|0x0000000085f00000, 0x0000000085f00000, 0x0000000086000000|  0%| F|  |TAMS 0x0000000085f00000, 0x0000000085f00000| Untracked 
|  96|0x0000000086000000, 0x0000000086000000, 0x0000000086100000|  0%| F|  |TAMS 0x0000000086000000, 0x0000000086000000| Untracked 
|  97|0x0000000086100000, 0x0000000086100000, 0x0000000086200000|  0%| F|  |TAMS 0x0000000086100000, 0x0000000086100000| Untracked 
|  98|0x0000000086200000, 0x0000000086200000, 0x0000000086300000|  0%| F|  |TAMS 0x0000000086200000, 0x0000000086200000| Untracked 
|  99|0x0000000086300000, 0x0000000086300000, 0x0000000086400000|  0%| F|  |TAMS 0x0000000086300000, 0x0000000086300000| Untracked 
| 100|0x0000000086400000, 0x0000000086400000, 0x0000000086500000|  0%| F|  |TAMS 0x0000000086400000, 0x0000000086400000| Untracked 
| 101|0x0000000086500000, 0x0000000086500000, 0x0000000086600000|  0%| F|  |TAMS 0x0000000086500000, 0x0000000086500000| Untracked 
| 102|0x0000000086600000, 0x0000000086600000, 0x0000000086700000|  0%| F|  |TAMS 0x0000000086600000, 0x0000000086600000| Untracked 
| 103|0x0000000086700000, 0x0000000086700000, 0x0000000086800000|  0%| F|  |TAMS 0x0000000086700000, 0x0000000086700000| Untracked 
| 104|0x0000000086800000, 0x0000000086800000, 0x0000000086900000|  0%| F|  |TAMS 0x0000000086800000, 0x0000000086800000| Untracked 
| 105|0x0000000086900000, 0x0000000086900000, 0x0000000086a00000|  0%| F|  |TAMS 0x0000000086900000, 0x0000000086900000| Untracked 
| 106|0x0000000086a00000, 0x0000000086a00000, 0x0000000086b00000|  0%| F|  |TAMS 0x0000000086a00000, 0x0000000086a00000| Untracked 
| 107|0x0000000086b00000, 0x0000000086b00000, 0x0000000086c00000|  0%| F|  |TAMS 0x0000000086b00000, 0x0000000086b00000| Untracked 
| 108|0x0000000086c00000, 0x0000000086c00000, 0x0000000086d00000|  0%| F|  |TAMS 0x0000000086c00000, 0x0000000086c00000| Untracked 
| 109|0x0000000086d00000, 0x0000000086d00000, 0x0000000086e00000|  0%| F|  |TAMS 0x0000000086d00000, 0x0000000086d00000| Untracked 
| 110|0x0000000086e00000, 0x0000000086e00000, 0x0000000086f00000|  0%| F|  |TAMS 0x0000000086e00000, 0x0000000086e00000| Untracked 
| 111|0x0000000086f00000, 0x0000000086f00000, 0x0000000087000000|  0%| F|  |TAMS 0x0000000086f00000, 0x0000000086f00000| Untracked 
| 112|0x0000000087000000, 0x0000000087000000, 0x0000000087100000|  0%| F|  |TAMS 0x0000000087000000, 0x0000000087000000| Untracked 
| 113|0x0000000087100000, 0x0000000087100000, 0x0000000087200000|  0%| F|  |TAMS 0x0000000087100000, 0x0000000087100000| Untracked 
| 114|0x0000000087200000, 0x0000000087200000, 0x0000000087300000|  0%| F|  |TAMS 0x0000000087200000, 0x0000000087200000| Untracked 
| 115|0x0000000087300000, 0x0000000087300000, 0x0000000087400000|  0%| F|  |TAMS 0x0000000087300000, 0x0000000087300000| Untracked 
| 116|0x0000000087400000, 0x0000000087400000, 0x0000000087500000|  0%| F|  |TAMS 0x0000000087400000, 0x0000000087400000| Untracked 
| 117|0x0000000087500000, 0x0000000087500000, 0x0000000087600000|  0%| F|  |TAMS 0x0000000087500000, 0x0000000087500000| Untracked 
| 118|0x0000000087600000, 0x0000000087680800, 0x0000000087700000| 50%| E|  |TAMS 0x0000000087600000, 0x0000000087600000| Complete 
| 119|0x0000000087700000, 0x0000000087800000, 0x0000000087800000|100%| E|CS|TAMS 0x0000000087700000, 0x0000000087700000| Complete 
| 120|0x0000000087800000, 0x0000000087900000, 0x0000000087900000|100%| E|CS|TAMS 0x0000000087800000, 0x0000000087800000| Complete 
| 121|0x0000000087900000, 0x0000000087a00000, 0x0000000087a00000|100%| E|CS|TAMS 0x0000000087900000, 0x0000000087900000| Complete 
| 122|0x0000000087a00000, 0x0000000087b00000, 0x0000000087b00000|100%| E|CS|TAMS 0x0000000087a00000, 0x0000000087a00000| Complete 
| 123|0x0000000087b00000, 0x0000000087c00000, 0x0000000087c00000|100%| E|CS|TAMS 0x0000000087b00000, 0x0000000087b00000| Complete 
| 124|0x0000000087c00000, 0x0000000087d00000, 0x0000000087d00000|100%| E|CS|TAMS 0x0000000087c00000, 0x0000000087c00000| Complete 
| 125|0x0000000087d00000, 0x0000000087e00000, 0x0000000087e00000|100%| E|CS|TAMS 0x0000000087d00000, 0x0000000087d00000| Complete 

Card table byte_map: [0x0000024c52160000,0x0000024c52560000] _byte_map_base: 0x0000024c51d60000

Marking Bits (Prev, Next): (CMBitMap*) 0x0000024c3ef57738, (CMBitMap*) 0x0000024c3ef57770
 Prev Bits: [0x0000024c52960000, 0x0000024c54960000)
 Next Bits: [0x0000024c54960000, 0x0000024c56960000)

Polling page: 0x0000024c3cec0000

Metaspace:

Usage:
  Non-class:     50.86 MB capacity,    49.94 MB ( 98%) used,   784.07 KB (  2%) free+waste,   156.44 KB ( <1%) overhead. 
      Class:      7.78 MB capacity,     7.19 MB ( 92%) used,   533.20 KB (  7%) free+waste,    74.06 KB ( <1%) overhead. 
       Both:     58.64 MB capacity,    57.13 MB ( 97%) used,     1.29 MB (  2%) free+waste,   230.50 KB ( <1%) overhead. 

Virtual space:
  Non-class space:       52.00 MB reserved,      50.92 MB ( 98%) committed 
      Class space:        1.00 GB reserved,       7.78 MB ( <1%) committed 
             Both:        1.05 GB reserved,      58.70 MB (  5%) committed 

Chunk freelists:
   Non-Class:  2.00 KB
       Class:  0 bytes
        Both:  2.00 KB

MaxMetaspaceSize: 17179869184.00 GB
CompressedClassSpaceSize: 1.00 GB
Initial GC threshold: 20.80 MB
Current GC threshold: 59.09 MB
CDS: off

CodeHeap 'non-profiled nmethods': size=120000Kb used=2880Kb max_used=2880Kb free=117119Kb
 bounds [0x0000024c4a500000, 0x0000024c4a7e0000, 0x0000024c51a30000]
CodeHeap 'profiled nmethods': size=120000Kb used=12345Kb max_used=12345Kb free=107654Kb
 bounds [0x0000024c42fd0000, 0x0000024c43be0000, 0x0000024c4a500000]
CodeHeap 'non-nmethods': size=5760Kb used=2323Kb max_used=2352Kb free=3436Kb
 bounds [0x0000024c42a30000, 0x0000024c42ca0000, 0x0000024c42fd0000]
 total_blobs=6647 nmethods=5815 adapters=744
 compilation: enabled
              stopped_count=0, restarted_count=0
 full_count=0

Compilation events (20 events):
Event: 36.774 Thread 0x0000024c593c5800 5814       3       com.google.common.reflect.TypeResolver::resolveTypes (32 bytes)
Event: 36.774 Thread 0x0000024c593c5800 nmethod 5814 0x0000024c43bbd310 code [0x0000024c43bbd4e0, 0x0000024c43bbd928]
Event: 36.774 Thread 0x0000024c593c5800 5815       3       com.google.common.collect.ImmutableCollection$Builder::expandedCapacity (45 bytes)
Event: 36.774 Thread 0x0000024c593c5800 nmethod 5815 0x0000024c43bbda90 code [0x0000024c43bbdc60, 0x0000024c43bbdf78]
Event: 36.774 Thread 0x0000024c593c5800 5816 %     3       org.gradle.internal.instantiation.generator.AbstractClassGenerator::inspectType @ 107 (560 bytes)
Event: 36.778 Thread 0x0000024c593c5800 nmethod 5816% 0x0000024c43bbe110 code [0x0000024c43bbe920, 0x0000024c43bc3e88]
Event: 36.778 Thread 0x0000024c593c5800 5818       3       com.google.common.collect.AbstractMapBasedMultimap$WrappedCollection::iterator (13 bytes)
Event: 36.779 Thread 0x0000024c593c5800 nmethod 5818 0x0000024c43bc5890 code [0x0000024c43bc5ac0, 0x0000024c43bc6328]
Event: 36.779 Thread 0x0000024c593c5800 5819       3       com.google.common.collect.AbstractMapBasedMultimap$WrappedCollection$WrappedIterator::<init> (32 bytes)
Event: 36.779 Thread 0x0000024c593c5800 nmethod 5819 0x0000024c43bc6510 code [0x0000024c43bc6720, 0x0000024c43bc6e38]
Event: 36.779 Thread 0x0000024c593c5800 5820       3       com.google.common.collect.AbstractMapBasedMultimap::access$100 (5 bytes)
Event: 36.779 Thread 0x0000024c593c5800 nmethod 5820 0x0000024c43bc7010 code [0x0000024c43bc7200, 0x0000024c43bc7718]
Event: 36.779 Thread 0x0000024c593c5800 5821       3       com.google.common.collect.AbstractMapBasedMultimap::iteratorOrListIterator (26 bytes)
Event: 36.779 Thread 0x0000024c593c5800 nmethod 5821 0x0000024c43bc7890 code [0x0000024c43bc7a80, 0x0000024c43bc7f38]
Event: 36.779 Thread 0x0000024c593c5800 5817       3       org.gradle.internal.instantiation.generator.AsmBackedClassGenerator$ClassBuilderImpl$$Lambda$140/0x0000000100315040::transform (8 bytes)
Event: 36.779 Thread 0x0000024c593c5800 nmethod 5817 0x0000024c43bc8090 code [0x0000024c43bc8260, 0x0000024c43bc8468]
Event: 36.779 Thread 0x0000024c593c5800 5822       3       java.lang.reflect.Modifier::isSynthetic (14 bytes)
Event: 36.779 Thread 0x0000024c593c5800 nmethod 5822 0x0000024c43bc8510 code [0x0000024c43bc86c0, 0x0000024c43bc87f8]
Event: 36.782 Thread 0x0000024c593c5800 5824       3       org.objectweb.asm.Frame::addInitializedType (77 bytes)
Event: 36.782 Thread 0x0000024c593c5800 nmethod 5824 0x0000024c43bc8890 code [0x0000024c43bc8a80, 0x0000024c43bc8fa8]

GC Heap History (18 events):
Event: 5.931 GC heap before
{Heap before GC invocations=0 (full 0):
 garbage-first heap   total 129024K, used 29696K [0x0000000080000000, 0x0000000100000000)
  region size 1024K, 24 young (24576K), 0 survivors (0K)
 Metaspace       used 10166K, capacity 10329K, committed 10624K, reserved 1058816K
  class space    used 1046K, capacity 1108K, committed 1152K, reserved 1048576K
}
Event: 5.935 GC heap after
{Heap after GC invocations=1 (full 0):
 garbage-first heap   total 129024K, used 9373K [0x0000000080000000, 0x0000000100000000)
  region size 1024K, 3 young (3072K), 3 survivors (3072K)
 Metaspace       used 10166K, capacity 10329K, committed 10624K, reserved 1058816K
  class space    used 1046K, capacity 1108K, committed 1152K, reserved 1048576K
}
Event: 20.077 GC heap before
{Heap before GC invocations=1 (full 0):
 garbage-first heap   total 129024K, used 83101K [0x0000000080000000, 0x0000000100000000)
  region size 1024K, 75 young (76800K), 3 survivors (3072K)
 Metaspace       used 17505K, capacity 17881K, committed 18176K, reserved 1064960K
  class space    used 2025K, capacity 2179K, committed 2304K, reserved 1048576K
}
Event: 20.088 GC heap after
{Heap after GC invocations=2 (full 0):
 garbage-first heap   total 129024K, used 16147K [0x0000000080000000, 0x0000000100000000)
  region size 1024K, 10 young (10240K), 10 survivors (10240K)
 Metaspace       used 17505K, capacity 17881K, committed 18176K, reserved 1064960K
  class space    used 2025K, capacity 2179K, committed 2304K, reserved 1048576K
}
Event: 20.810 GC heap before
{Heap before GC invocations=2 (full 0):
 garbage-first heap   total 129024K, used 46867K [0x0000000080000000, 0x0000000100000000)
  region size 1024K, 42 young (43008K), 10 survivors (10240K)
 Metaspace       used 20806K, capacity 21191K, committed 21296K, reserved 1069056K
  class space    used 2531K, capacity 2686K, committed 2688K, reserved 1048576K
}
Event: 20.819 GC heap after
{Heap after GC invocations=3 (full 0):
 garbage-first heap   total 129024K, used 17052K [0x0000000080000000, 0x0000000100000000)
  region size 1024K, 2 young (2048K), 2 survivors (2048K)
 Metaspace       used 20806K, capacity 21191K, committed 21296K, reserved 1069056K
  class space    used 2531K, capacity 2686K, committed 2688K, reserved 1048576K
}
Event: 22.527 GC heap before
{Heap before GC invocations=4 (full 0):
 garbage-first heap   total 129024K, used 88732K [0x0000000080000000, 0x0000000100000000)
  region size 1024K, 72 young (73728K), 2 survivors (2048K)
 Metaspace       used 27572K, capacity 28181K, committed 28412K, reserved 1073152K
  class space    used 3589K, capacity 3814K, committed 3916K, reserved 1048576K
}
Event: 22.531 GC heap after
{Heap after GC invocations=5 (full 0):
 garbage-first heap   total 129024K, used 19132K [0x0000000080000000, 0x0000000100000000)
  region size 1024K, 4 young (4096K), 4 survivors (4096K)
 Metaspace       used 27572K, capacity 28181K, committed 28412K, reserved 1073152K
  class space    used 3589K, capacity 3814K, committed 3916K, reserved 1048576K
}
Event: 23.758 GC heap before
{Heap before GC invocations=5 (full 0):
 garbage-first heap   total 129024K, used 66236K [0x0000000080000000, 0x0000000100000000)
  region size 1024K, 51 young (52224K), 4 survivors (4096K)
 Metaspace       used 35189K, capacity 35963K, committed 36048K, reserved 1081344K
  class space    used 4519K, capacity 4835K, committed 4896K, reserved 1048576K
}
Event: 23.770 GC heap after
{Heap after GC invocations=6 (full 0):
 garbage-first heap   total 129024K, used 22172K [0x0000000080000000, 0x0000000100000000)
  region size 1024K, 7 young (7168K), 7 survivors (7168K)
 Metaspace       used 35189K, capacity 35963K, committed 36048K, reserved 1081344K
  class space    used 4519K, capacity 4835K, committed 4896K, reserved 1048576K
}
Event: 24.786 GC heap before
{Heap before GC invocations=7 (full 0):
 garbage-first heap   total 129024K, used 93852K [0x0000000080000000, 0x0000000100000000)
  region size 1024K, 75 young (76800K), 7 survivors (7168K)
 Metaspace       used 40766K, capacity 41715K, committed 41808K, reserved 1085440K
  class space    used 5137K, capacity 5488K, committed 5536K, reserved 1048576K
}
Event: 24.797 GC heap after
{Heap after GC invocations=8 (full 0):
 garbage-first heap   total 129024K, used 28122K [0x0000000080000000, 0x0000000100000000)
  region size 1024K, 9 young (9216K), 9 survivors (9216K)
 Metaspace       used 40766K, capacity 41715K, committed 41808K, reserved 1085440K
  class space    used 5137K, capacity 5488K, committed 5536K, reserved 1048576K
}
Event: 25.977 GC heap before
{Heap before GC invocations=8 (full 0):
 garbage-first heap   total 129024K, used 94682K [0x0000000080000000, 0x0000000100000000)
  region size 1024K, 74 young (75776K), 9 survivors (9216K)
 Metaspace       used 46355K, capacity 47561K, committed 47696K, reserved 1091584K
  class space    used 5875K, capacity 6300K, committed 6304K, reserved 1048576K
}
Event: 25.988 GC heap after
{Heap after GC invocations=9 (full 0):
 garbage-first heap   total 129024K, used 29929K [0x0000000080000000, 0x0000000100000000)
  region size 1024K, 3 young (3072K), 3 survivors (3072K)
 Metaspace       used 46355K, capacity 47561K, committed 47696K, reserved 1091584K
  class space    used 5875K, capacity 6300K, committed 6304K, reserved 1048576K
}
Event: 33.113 GC heap before
{Heap before GC invocations=9 (full 0):
 garbage-first heap   total 129024K, used 100585K [0x0000000080000000, 0x0000000100000000)
  region size 1024K, 69 young (70656K), 3 survivors (3072K)
 Metaspace       used 49107K, capacity 50450K, committed 50768K, reserved 1093632K
  class space    used 6190K, capacity 6713K, committed 6816K, reserved 1048576K
}
Event: 33.120 GC heap after
{Heap after GC invocations=10 (full 0):
 garbage-first heap   total 129024K, used 38239K [0x0000000080000000, 0x0000000100000000)
  region size 1024K, 9 young (9216K), 9 survivors (9216K)
 Metaspace       used 49107K, capacity 50450K, committed 50768K, reserved 1093632K
  class space    used 6190K, capacity 6713K, committed 6816K, reserved 1048576K
}
Event: 36.724 GC heap before
{Heap before GC invocations=10 (full 0):
 garbage-first heap   total 129024K, used 100703K [0x0000000080000000, 0x0000000100000000)
  region size 1024K, 68 young (69632K), 9 survivors (9216K)
 Metaspace       used 57221K, capacity 58720K, committed 58960K, reserved 1099776K
  class space    used 7183K, capacity 7759K, committed 7840K, reserved 1048576K
}
Event: 36.731 GC heap after
{Heap after GC invocations=11 (full 0):
 garbage-first heap   total 129024K, used 43242K [0x0000000080000000, 0x0000000100000000)
  region size 1024K, 4 young (4096K), 4 survivors (4096K)
 Metaspace       used 57221K, capacity 58720K, committed 58960K, reserved 1099776K
  class space    used 7183K, capacity 7759K, committed 7840K, reserved 1048576K
}

Deoptimization events (20 events):
Event: 36.297 Thread 0x0000024c5a168800 DEOPT PACKING pc=0x0000024c43241b17 sp=0x000000e28e1f6080
Event: 36.297 Thread 0x0000024c5a168800 DEOPT UNPACKING pc=0x0000024c42a7a95e sp=0x000000e28e1f5608 mode 0
Event: 36.300 Thread 0x0000024c5a168800 DEOPT PACKING pc=0x0000024c43241b17 sp=0x000000e28e1f5f20
Event: 36.300 Thread 0x0000024c5a168800 DEOPT UNPACKING pc=0x0000024c42a7a95e sp=0x000000e28e1f54a8 mode 0
Event: 36.302 Thread 0x0000024c5a168800 DEOPT PACKING pc=0x0000024c43241b17 sp=0x000000e28e1f6080
Event: 36.302 Thread 0x0000024c5a168800 DEOPT UNPACKING pc=0x0000024c42a7a95e sp=0x000000e28e1f5608 mode 0
Event: 36.304 Thread 0x0000024c5a168800 DEOPT PACKING pc=0x0000024c43241b17 sp=0x000000e28e1f6100
Event: 36.304 Thread 0x0000024c5a168800 DEOPT UNPACKING pc=0x0000024c42a7a95e sp=0x000000e28e1f5688 mode 0
Event: 36.305 Thread 0x0000024c5a168800 DEOPT PACKING pc=0x0000024c43241b17 sp=0x000000e28e1f5f20
Event: 36.305 Thread 0x0000024c5a168800 DEOPT UNPACKING pc=0x0000024c42a7a95e sp=0x000000e28e1f54a8 mode 0
Event: 36.307 Thread 0x0000024c5a168800 DEOPT PACKING pc=0x0000024c43241b17 sp=0x000000e28e1f5f20
Event: 36.307 Thread 0x0000024c5a168800 DEOPT UNPACKING pc=0x0000024c42a7a95e sp=0x000000e28e1f54a8 mode 0
Event: 36.308 Thread 0x0000024c5a168800 DEOPT PACKING pc=0x0000024c43241b17 sp=0x000000e28e1f6100
Event: 36.308 Thread 0x0000024c5a168800 DEOPT UNPACKING pc=0x0000024c42a7a95e sp=0x000000e28e1f5688 mode 0
Event: 36.309 Thread 0x0000024c5a168800 DEOPT PACKING pc=0x0000024c43241b17 sp=0x000000e28e1f5e20
Event: 36.309 Thread 0x0000024c5a168800 DEOPT UNPACKING pc=0x0000024c42a7a95e sp=0x000000e28e1f53a8 mode 0
Event: 36.731 Thread 0x0000024c59e93000 Uncommon trap: trap_request=0xffffffde fr.pc=0x0000024c4a62c4ec relative=0x000000000000052c
Event: 36.731 Thread 0x0000024c59e93000 Uncommon trap: reason=class_check action=maybe_recompile pc=0x0000024c4a62c4ec method=jdk.internal.ref.PhantomCleanable.clean()V @ 12 c2
Event: 36.731 Thread 0x0000024c59e93000 DEOPT PACKING pc=0x0000024c4a62c4ec sp=0x000000e28d7ff0a0
Event: 36.731 Thread 0x0000024c59e93000 DEOPT UNPACKING pc=0x0000024c42a7a1af sp=0x000000e28d7ff080 mode 2

Classes redefined (0 events):
No events

Internal exceptions (20 events):
Event: 31.786 Thread 0x0000024c5a168800 Exception <a 'java/security/PrivilegedActionException'{0x00000000842c3f08}> (0x00000000842c3f08) thrown at [./src/hotspot/share/prims/jvm.cpp, line 1306]
Event: 31.787 Thread 0x0000024c5a168800 Exception <a 'java/security/PrivilegedActionException'{0x00000000842c6b30}> (0x00000000842c6b30) thrown at [./src/hotspot/share/prims/jvm.cpp, line 1306]
Event: 31.787 Thread 0x0000024c5a168800 Exception <a 'java/security/PrivilegedActionException'{0x00000000842c7df0}> (0x00000000842c7df0) thrown at [./src/hotspot/share/prims/jvm.cpp, line 1306]
Event: 31.787 Thread 0x0000024c5a168800 Exception <a 'java/security/PrivilegedActionException'{0x00000000842caad0}> (0x00000000842caad0) thrown at [./src/hotspot/share/prims/jvm.cpp, line 1306]
Event: 31.787 Thread 0x0000024c5a168800 Exception <a 'java/security/PrivilegedActionException'{0x00000000842cbd90}> (0x00000000842cbd90) thrown at [./src/hotspot/share/prims/jvm.cpp, line 1306]
Event: 31.787 Thread 0x0000024c5a168800 Exception <a 'java/security/PrivilegedActionException'{0x00000000842ce9c0}> (0x00000000842ce9c0) thrown at [./src/hotspot/share/prims/jvm.cpp, line 1306]
Event: 31.788 Thread 0x0000024c5a168800 Exception <a 'java/security/PrivilegedActionException'{0x00000000842cfc80}> (0x00000000842cfc80) thrown at [./src/hotspot/share/prims/jvm.cpp, line 1306]
Event: 31.788 Thread 0x0000024c5a168800 Exception <a 'java/security/PrivilegedActionException'{0x00000000842d2900}> (0x00000000842d2900) thrown at [./src/hotspot/share/prims/jvm.cpp, line 1306]
Event: 31.788 Thread 0x0000024c5a168800 Exception <a 'java/security/PrivilegedActionException'{0x00000000842d3bc0}> (0x00000000842d3bc0) thrown at [./src/hotspot/share/prims/jvm.cpp, line 1306]
Event: 31.789 Thread 0x0000024c5a168800 Exception <a 'java/security/PrivilegedActionException'{0x00000000842d68a0}> (0x00000000842d68a0) thrown at [./src/hotspot/share/prims/jvm.cpp, line 1306]
Event: 31.789 Thread 0x0000024c5a168800 Exception <a 'java/security/PrivilegedActionException'{0x00000000842d7b60}> (0x00000000842d7b60) thrown at [./src/hotspot/share/prims/jvm.cpp, line 1306]
Event: 35.750 Thread 0x0000024c5a168800 Exception <a 'java/lang/ClassNotFoundException'{0x0000000087caeac8}: org/gradle/api/internal/plugins/DefaultObjectConfigurationActionBeanInfo> (0x0000000087caeac8) thrown at [./src/hotspot/share/classfile/systemDictionary.cpp, line 231]
Event: 35.751 Thread 0x0000024c5a168800 Exception <a 'java/lang/ClassNotFoundException'{0x0000000087ce4318}: org/gradle/api/internal/plugins/DefaultObjectConfigurationActionCustomizer> (0x0000000087ce4318) thrown at [./src/hotspot/share/classfile/systemDictionary.cpp, line 231]
Event: 35.925 Thread 0x0000024c5a168800 Exception <a 'java/lang/NoSuchMethodError'{0x000000008714f728}: 'java.lang.Object java.lang.invoke.DirectMethodHandle$Holder.invokeStatic(java.lang.Object, java.lang.Object, java.lang.Object, java.lang.Object, int)'> (0x000000008714f728) thrown at [./src/hotspot/share/interpreter/linkResolver.cpp, line 773]
Event: 35.925 Thread 0x0000024c5a168800 Exception <a 'java/lang/NoSuchMethodError'{0x0000000087154120}: 'java.lang.Object java.lang.invoke.DirectMethodHandle$Holder.invokeSpecial(java.lang.Object, java.lang.Object, java.lang.Object, java.lang.Object, java.lang.Object, int)'> (0x0000000087154120) thrown at [./src/hotspot/share/interpreter/linkResolver.cpp, line 773]
Event: 35.926 Thread 0x0000024c5a168800 Exception <a 'java/lang/NoSuchMethodError'{0x0000000087158760}: 'java.lang.Object java.lang.invoke.Invokers$Holder.linkToTargetMethod(java.lang.Object, java.lang.Object, java.lang.Object, int, java.lang.Object)'> (0x0000000087158760) thrown at [./src/hotspot/share/interpreter/linkResolver.cpp, line 773]
Event: 36.121 Thread 0x0000024c5a168800 Implicit null exception at 0x0000024c4a73bb3f to 0x0000024c4a73bd54
Event: 36.151 Thread 0x0000024c5a168800 Exception <a 'java/lang/NoSuchMethodError'{0x00000000863c99e8}: 'java.lang.Object java.lang.invoke.DirectMethodHandle$Holder.invokeSpecial(java.lang.Object, java.lang.Object, int, int, java.lang.Object, java.lang.Object, java.lang.Object)'> (0x00000000863c99e8) thrown at [./src/hotspot/share/interpreter/linkResolver.cpp, line 773]
Event: 36.152 Thread 0x0000024c5a168800 Exception <a 'java/lang/NoSuchMethodError'{0x00000000863cdf68}: 'java.lang.Object java.lang.invoke.DelegatingMethodHandle$Holder.reinvoke_L(java.lang.Object, int, int, java.lang.Object, java.lang.Object, java.lang.Object)'> (0x00000000863cdf68) thrown at [./src/hotspot/share/interpreter/linkResolver.cpp, line 773]
Event: 36.369 Thread 0x0000024c5a168800 Exception <a 'java/lang/NoSuchMethodError'{0x00000000856e5c98}: 'int java.lang.invoke.DirectMethodHandle$Holder.invokeInterface(java.lang.Object, java.lang.Object, java.lang.Object, java.lang.Object)'> (0x00000000856e5c98) thrown at [./src/hotspot/share/interpreter/linkResolver.cpp, line 773]

Events (20 events):
Event: 36.781 loading class org/gradle/jvm/toolchain/JvmVendorSpec
Event: 36.781 loading class org/gradle/jvm/toolchain/JvmVendorSpec done
Event: 36.783 loading class org/gradle/jvm/toolchain/internal/DefaultJvmVendorSpec
Event: 36.783 loading class org/gradle/jvm/toolchain/internal/DefaultJvmVendorSpec done
Event: 36.784 loading class org/gradle/internal/jvm/inspection/JvmVendor$KnownJvmVendor
Event: 36.784 loading class org/gradle/internal/jvm/inspection/JvmVendor$KnownJvmVendor done
Event: 36.807 loading class java/util/regex/Pattern$SliceI
Event: 36.833 loading class java/util/regex/Pattern$SliceI done
Event: 36.833 loading class org/gradle/internal/jvm/inspection/JvmVendor$KnownJvmVendor
Event: 36.833 loading class org/gradle/internal/jvm/inspection/JvmVendor$KnownJvmVendor done
Event: 36.833 loading class org/gradle/internal/jvm/inspection/JvmVendor
Event: 36.833 loading class org/gradle/internal/jvm/inspection/JvmVendor done
Event: 36.833 loading class org/gradle/internal/jvm/inspection/JvmVendor
Event: 36.833 loading class org/gradle/internal/jvm/inspection/JvmVendor done
Event: 36.833 loading class org/gradle/internal/jvm/inspection/JvmVendor$KnownJvmVendor
Event: 36.833 loading class org/gradle/internal/jvm/inspection/JvmVendor$KnownJvmVendor done
Event: 36.834 loading class org/gradle/internal/jvm/inspection/JvmVendor
Event: 36.834 loading class org/gradle/internal/jvm/inspection/JvmVendor done
Event: 36.834 loading class org/gradle/api/java/archives/Manifest
Event: 36.834 loading class org/gradle/api/java/archives/Manifest done


Dynamic libraries:
0x00007ff791a40000 - 0x00007ff791a4a000 	C:\Program Files\Android\Android Studio\jre\bin\java.exe
0x00007ffb3ef10000 - 0x00007ffb3f108000 	C:\WINDOWS\SYSTEM32\ntdll.dll
0x00007ffb1cb20000 - 0x00007ffb1cb39000 	C:\Program Files\Avast Software\Avast\aswhook.dll
0x00007ffb3d8a0000 - 0x00007ffb3d95f000 	C:\WINDOWS\System32\KERNEL32.DLL
0x00007ffb3ca10000 - 0x00007ffb3cce2000 	C:\WINDOWS\System32\KERNELBASE.dll
0x00007ffb3c6c0000 - 0x00007ffb3c7c0000 	C:\WINDOWS\System32\ucrtbase.dll
0x00007ffb237c0000 - 0x00007ffb237d7000 	C:\Program Files\Android\Android Studio\jre\bin\VCRUNTIME140.dll
0x00007ffb238d0000 - 0x00007ffb238e9000 	C:\Program Files\Android\Android Studio\jre\bin\jli.dll
0x00007ffb3d0c0000 - 0x00007ffb3d261000 	C:\WINDOWS\System32\USER32.dll
0x00007ffb3c7c0000 - 0x00007ffb3c7e2000 	C:\WINDOWS\System32\win32u.dll
0x00007ffb3e530000 - 0x00007ffb3e55b000 	C:\WINDOWS\System32\GDI32.dll
0x00007ffb3c900000 - 0x00007ffb3ca0f000 	C:\WINDOWS\System32\gdi32full.dll
0x00007ffb3c860000 - 0x00007ffb3c8fd000 	C:\WINDOWS\System32\msvcp_win.dll
0x00007ffb18220000 - 0x00007ffb184ba000 	C:\WINDOWS\WinSxS\amd64_microsoft.windows.common-controls_6595b64144ccf1df_6.0.19041.1110_none_60b5254171f9507e\COMCTL32.dll
0x00007ffb3ed70000 - 0x00007ffb3ee0e000 	C:\WINDOWS\System32\msvcrt.dll
0x00007ffb3e330000 - 0x00007ffb3e360000 	C:\WINDOWS\System32\IMM32.DLL
0x00007ffafb510000 - 0x00007ffafb5ad000 	C:\Program Files\Android\Android Studio\jre\bin\msvcp140.dll
0x00007ffadf980000 - 0x00007ffae0482000 	C:\Program Files\Android\Android Studio\jre\bin\server\jvm.dll
0x00007ffb3e560000 - 0x00007ffb3e60e000 	C:\WINDOWS\System32\ADVAPI32.dll
0x00007ffb3d020000 - 0x00007ffb3d0bc000 	C:\WINDOWS\System32\sechost.dll
0x00007ffb3eb90000 - 0x00007ffb3ecb4000 	C:\WINDOWS\System32\RPCRT4.dll
0x00007ffb3d010000 - 0x00007ffb3d018000 	C:\WINDOWS\System32\PSAPI.DLL
0x00007ffb2f0e0000 - 0x00007ffb2f107000 	C:\WINDOWS\SYSTEM32\WINMM.dll
0x00007ffb36510000 - 0x00007ffb3651a000 	C:\WINDOWS\SYSTEM32\VERSION.dll
0x00007ffb2e200000 - 0x00007ffb2e209000 	C:\WINDOWS\SYSTEM32\WSOCK32.dll
0x00007ffb3e610000 - 0x00007ffb3e67b000 	C:\WINDOWS\System32\ws2_32.DLL
0x00007ffb3ae60000 - 0x00007ffb3ae72000 	C:\WINDOWS\SYSTEM32\kernel.appcore.dll
0x00007ffb20b30000 - 0x00007ffb20b41000 	C:\Program Files\Android\Android Studio\jre\bin\verify.dll
0x00007ffb3aaf0000 - 0x00007ffb3acd4000 	C:\WINDOWS\SYSTEM32\DBGHELP.DLL
0x00007ffb30c90000 - 0x00007ffb30cc5000 	C:\WINDOWS\SYSTEM32\dbgcore.DLL
0x00007ffb3ccf0000 - 0x00007ffb3cd72000 	C:\WINDOWS\System32\bcryptPrimitives.dll
0x00007ffb185c0000 - 0x00007ffb185e9000 	C:\Program Files\Android\Android Studio\jre\bin\java.dll
0x00007ffb2ff30000 - 0x00007ffb2ff3b000 	C:\Program Files\Android\Android Studio\jre\bin\jimage.dll
0x00007ffb20b10000 - 0x00007ffb20b28000 	C:\Program Files\Android\Android Studio\jre\bin\zip.dll
0x00007ffb3da30000 - 0x00007ffb3e175000 	C:\WINDOWS\System32\SHELL32.dll
0x00007ffb3a290000 - 0x00007ffb3aa22000 	C:\WINDOWS\SYSTEM32\windows.storage.dll
0x00007ffb3d520000 - 0x00007ffb3d875000 	C:\WINDOWS\System32\combase.dll
0x00007ffb3c020000 - 0x00007ffb3c050000 	C:\WINDOWS\SYSTEM32\Wldp.dll
0x00007ffb3cf60000 - 0x00007ffb3d00d000 	C:\WINDOWS\System32\SHCORE.dll
0x00007ffb3d4c0000 - 0x00007ffb3d515000 	C:\WINDOWS\System32\shlwapi.dll
0x00007ffb3c550000 - 0x00007ffb3c56f000 	C:\WINDOWS\SYSTEM32\profapi.dll
0x00007ffb20300000 - 0x00007ffb2031a000 	C:\Program Files\Android\Android Studio\jre\bin\net.dll
0x00007ffb34760000 - 0x00007ffb3486a000 	C:\WINDOWS\SYSTEM32\WINHTTP.dll
0x00007ffb3bd60000 - 0x00007ffb3bdca000 	C:\WINDOWS\system32\mswsock.dll
0x00007ffb125c0000 - 0x00007ffb125d4000 	C:\Program Files\Android\Android Studio\jre\bin\nio.dll
0x00007ffb30710000 - 0x00007ffb30737000 	C:\Users\lucym\.gradle\native\e1d6ef7f7dcc3fd88c89a11ec53ec762bb8ba0a96d01ffa2cd45eb1d1d8dd5c5\windows-amd64\native-platform.dll
0x00007ffae4ad0000 - 0x00007ffae4c14000 	C:\Users\lucym\.gradle\native\0d407fdbe67a94daf76414ababcb853783967236a71b16ec16e742cd7a986fd3\windows-amd64\native-platform-file-events.dll
0x00007ffb238c0000 - 0x00007ffb238ca000 	C:\Program Files\Android\Android Studio\jre\bin\management.dll
0x00007ffb209a0000 - 0x00007ffb209ad000 	C:\Program Files\Android\Android Studio\jre\bin\management_ext.dll
0x00007ffb3bf60000 - 0x00007ffb3bf78000 	C:\WINDOWS\SYSTEM32\CRYPTSP.dll
0x00007ffb3b610000 - 0x00007ffb3b644000 	C:\WINDOWS\system32\rsaenh.dll
0x00007ffb3cee0000 - 0x00007ffb3cf07000 	C:\WINDOWS\System32\bcrypt.dll
0x00007ffb3c4d0000 - 0x00007ffb3c4fe000 	C:\WINDOWS\SYSTEM32\USERENV.dll
0x00007ffb3bf50000 - 0x00007ffb3bf5c000 	C:\WINDOWS\SYSTEM32\CRYPTBASE.dll
0x00007ffb3ba50000 - 0x00007ffb3ba8b000 	C:\WINDOWS\SYSTEM32\IPHLPAPI.DLL
0x00007ffb3eb80000 - 0x00007ffb3eb88000 	C:\WINDOWS\System32\NSI.dll
0x00007ffb31e10000 - 0x00007ffb31e27000 	C:\WINDOWS\SYSTEM32\dhcpcsvc6.DLL
0x00007ffb32190000 - 0x00007ffb321ad000 	C:\WINDOWS\SYSTEM32\dhcpcsvc.DLL
0x00007ffb3ba90000 - 0x00007ffb3bb5b000 	C:\WINDOWS\SYSTEM32\DNSAPI.dll

dbghelp: loaded successfully - version: 4.0.5 - missing functions: none
symbol engine: initialized successfully - sym options: 0x614 - pdb path: .;C:\Program Files\Android\Android Studio\jre\bin;C:\WINDOWS\SYSTEM32;C:\Program Files\Avast Software\Avast;C:\WINDOWS\WinSxS\amd64_microsoft.windows.common-controls_6595b64144ccf1df_6.0.19041.1110_none_60b5254171f9507e;C:\Program Files\Android\Android Studio\jre\bin\server;C:\Users\lucym\.gradle\native\e1d6ef7f7dcc3fd88c89a11ec53ec762bb8ba0a96d01ffa2cd45eb1d1d8dd5c5\windows-amd64;C:\Users\lucym\.gradle\native\0d407fdbe67a94daf76414ababcb853783967236a71b16ec16e742cd7a986fd3\windows-amd64

VM Arguments:
jvm_args: --add-opens=java.base/java.util=ALL-UNNAMED --add-opens=java.base/java.lang=ALL-UNNAMED --add-opens=java.base/java.lang.invoke=ALL-UNNAMED --add-opens=java.base/java.util=ALL-UNNAMED --add-opens=java.prefs/java.util.prefs=ALL-UNNAMED --add-opens=java.prefs/java.util.prefs=ALL-UNNAMED --add-opens=java.base/java.nio.charset=ALL-UNNAMED --add-opens=java.base/java.net=ALL-UNNAMED --add-opens=java.base/java.util.concurrent.atomic=ALL-UNNAMED -Xmx2048m -Dfile.encoding=UTF-8 -Duser.country=GB -Duser.language=en -Duser.variant 
java_command: org.gradle.launcher.daemon.bootstrap.GradleDaemon 7.4
java_class_path (initial): C:\Users\lucym\.gradle\wrapper\dists\gradle-7.4-bin\c0gwcg53nkjbqw7r0h0umtfvt\gradle-7.4\lib\gradle-launcher-7.4.jar
Launcher Type: SUN_STANDARD

[Global flags]
     intx CICompilerCount                          = 4                                         {product} {ergonomic}
     uint ConcGCThreads                            = 2                                         {product} {ergonomic}
     uint G1ConcRefinementThreads                  = 8                                         {product} {ergonomic}
   size_t G1HeapRegionSize                         = 1048576                                   {product} {ergonomic}
    uintx GCDrainStackTargetSize                   = 64                                        {product} {ergonomic}
   size_t InitialHeapSize                          = 132120576                                 {product} {ergonomic}
   size_t MarkStackSize                            = 4194304                                   {product} {ergonomic}
   size_t MaxHeapSize                              = 2147483648                                {product} {command line}
   size_t MaxNewSize                               = 1287651328                                {product} {ergonomic}
   size_t MinHeapDeltaBytes                        = 1048576                                   {product} {ergonomic}
    uintx NonNMethodCodeHeapSize                   = 5836300                                {pd product} {ergonomic}
    uintx NonProfiledCodeHeapSize                  = 122910970                              {pd product} {ergonomic}
    uintx ProfiledCodeHeapSize                     = 122910970                              {pd product} {ergonomic}
    uintx ReservedCodeCacheSize                    = 251658240                              {pd product} {ergonomic}
     bool SegmentedCodeCache                       = true                                      {product} {ergonomic}
     bool UseCompressedClassPointers               = true                                 {lp64_product} {ergonomic}
     bool UseCompressedOops                        = true                                 {lp64_product} {ergonomic}
     bool UseG1GC                                  = true                                      {product} {ergonomic}
     bool UseLargePagesIndividualAllocation        = false                                  {pd product} {ergonomic}

Logging:
Log output configuration:
 #0: stdout all=warning uptime,level,tags
 #1: stderr all=off uptime,level,tags

Environment Variables:
PATH=C:\Program Files\Common Files\Oracle\Java\javapath;C:\WINDOWS\system32;C:\WINDOWS;C:\WINDOWS\System32\Wbem;C:\WINDOWS\System32\WindowsPowerShell\v1.0\;C:\WINDOWS\System32\OpenSSH\;C:\Program Files\PuTTY\;C:\Program Files\MATLAB\R2020b\bin;C:\Program Files\Git\cmd;C:\Program Files\Wolfram Research\WolframScript\;C:\Program Files\CMake\bin;C:\Program Files\FFmpeg;C:\Program Files\nodejs\;C:\Program Files\MySQL\MySQL Shell 8.0\bin\;C:\Users\lucym\AppData\Local\Programs\Python\Python39\Scripts\;C:\Users\lucym\AppData\Local\Programs\Python\Python39\;C:\Users\lucym\AppData\Local\Microsoft\WindowsApps;C:\Users\lucym\AppData\Local\atom\bin;C:\Users\lucym\AppData\Local\GitHubDesktop\bin;C:\Users\lucym\AppData\Local\Microsoft\WindowsApps;C:\opencv\build\x64\vc15\bin;C:\ffmpeg\bin;C:\Program Files\FFmpeg;C:\Users\lucym\AppData\Roaming\npm
USERNAME=lucym
OS=Windows_NT
PROCESSOR_IDENTIFIER=Intel64 Family 6 Model 142 Stepping 12, GenuineIntel



---------------  S Y S T E M  ---------------

OS: Windows 10 , 64 bit Build 19041 (10.0.19041.2546)
OS uptime: 1 days 14:20 hours

CPU:total 8 (initial active 8) (4 cores per cpu, 2 threads per core) family 6 model 142 stepping 12 microcode 0xea, cmov, cx8, fxsr, mmx, sse, sse2, sse3, ssse3, sse4.1, sse4.2, popcnt, avx, avx2, aes, clmul, erms, 3dnowpref, lzcnt, ht, tsc, tscinvbit, bmi1, bmi2, adx, fma

Memory: 4k page, system-wide physical 7976M (128M free)
TotalPageFile size 32552M (AvailPageFile size 78M)
current process WorkingSet (physical memory assigned to process): 282M, peak: 282M
current process commit charge ("private bytes"): 349M, peak: 350M

vm_info: OpenJDK 64-Bit Server VM (11.0.13+0-b1751.21-8125866) for windows-amd64 JRE (11.0.13+0-b1751.21-8125866), built on Feb  2 2022 03:00:22 by "builder" with MS VC++ 14.0 (VS2015)

END.
